<?xml version="1.0" encoding="UTF-8"?>
<!-- Generated by org.testng.reporters.JUnitReportReporter -->
<testsuite hostname="Vaibhav" failures="0" tests="1" name="Datadriven.Test.WriteExcel" time="7.152" errors="0" timestamp="2024-02-27T14:09:55 IST" skipped="0">
  <testcase classname="Datadriven.Test.WriteExcel" name="fblogin" time="7.152"/>
</testsuite> <!-- Datadriven.Test.WriteExcel -->
