<?xml version="1.0" encoding="UTF-8"?>
<!-- Generated by org.testng.reporters.JUnitReportReporter -->
<testsuite hostname="Vaibhav" failures="0" tests="1" name="Datadriven.Test.Readexcel" time="6.463" errors="0" timestamp="2024-02-27T13:34:37 IST" skipped="0">
  <testcase classname="Datadriven.Test.Readexcel" name="fblogin" time="6.463"/>
</testsuite> <!-- Datadriven.Test.Readexcel -->
